<?xml version="1.0" encoding="UTF-8"?>
<!-- Generated by org.testng.reporters.JUnitReportReporter -->
<testsuite hostname="WINDOWS-SCVSMII" name="testCases.GmailSigninTest2" tests="1" failures="0" timestamp="26 Apr 2016 04:24:49 GMT" time="9.312" errors="0">
  <testcase name="GmailTitleTestText" time="9.312" classname="testCases.GmailSigninTest2"/>
</testsuite> <!-- testCases.GmailSigninTest2 -->
