<?xml version="1.0" encoding="UTF-8"?>
<!-- Generated by org.testng.reporters.JUnitReportReporter -->
<testsuite hostname="WINDOWS-SCVSMII" name="testCases.TestNG_Grouping" tests="2" failures="0" timestamp="27 Apr 2016 01:25:02 GMT" time="0.020" errors="0">
  <testcase name="HondaAccord" time="0.004" classname="testCases.TestNG_Grouping"/>
  <testcase name="BMWX3" time="0.016" classname="testCases.TestNG_Grouping"/>
</testsuite> <!-- testCases.TestNG_Grouping -->
