<?xml version="1.0" encoding="UTF-8"?>
<!-- Generated by org.testng.reporters.JUnitReportReporter -->
<testsuite hostname="WINDOWS-SCVSMII" name="testCases.Testngrun" tests="3" failures="0" timestamp="25 Apr 2016 03:03:12 GMT" time="0.026" errors="0">
  <testcase name="testCase2" time="0.017" classname="testCases.Testngrun"/>
  <testcase name="testCase3" time="0.004" classname="testCases.Testngrun"/>
  <testcase name="testCase1" time="0.005" classname="testCases.Testngrun"/>
</testsuite> <!-- testCases.Testngrun -->
