<?xml version="1.0" encoding="UTF-8"?>
<!-- Generated by org.testng.reporters.JUnitReportReporter -->
<testsuite hostname="WINDOWS-SCVSMII" name="com.letscodeit.errortest.Justtest" tests="1" failures="0" timestamp="25 Apr 2016 02:16:31 GMT" time="0.020" errors="0">
  <testcase name="test1" time="0.020" classname="com.letscodeit.errortest.Justtest"/>
</testsuite> <!-- com.letscodeit.errortest.Justtest -->
